<?xml version="1.0" encoding="UTF-8"?>
<!-- Generated by org.testng.reporters.JUnitReportReporter -->
<testsuite hostname="Ratin-PC" failures="0" tests="2" name="com.seleniumPractice.WebTable" time="0.413" errors="0" timestamp="2023-09-19T18:54:58 IST" skipped="0">
  <testcase classname="com.seleniumPractice.WebTable" name="getWebTableData2" time="0.043"/>
  <testcase classname="com.seleniumPractice.WebTable" name="getWebTableData" time="0.370"/>
</testsuite> <!-- com.seleniumPractice.WebTable -->
