<?xml version="1.0" encoding="UTF-8"?>
<!-- Generated by org.testng.reporters.JUnitReportReporter -->
<testsuite hostname="Ratin-PC" failures="0" tests="2" name="com.seleniumPractice.WebTable" time="0.712" errors="0" timestamp="2023-09-19T22:16:12 IST" skipped="0">
  <testcase classname="com.seleniumPractice.WebTable" name="getWebTableData" time="0.639"/>
  <testcase classname="com.seleniumPractice.WebTable" name="getWebTableData2" time="0.073"/>
</testsuite> <!-- com.seleniumPractice.WebTable -->
